0 info it worked if it ends with ok
1 verbose cli [ 'C:\\Program Files\\nodejs\\\\node.exe',
1 verbose cli   'C:\\Program Files\\nodejs\\node_modules\\npm\\bin\\npm-cli.js',
1 verbose cli   'install',
1 verbose cli   'angular#1.3',
1 verbose cli   '--save' ]
2 info using npm@2.7.4
3 info using node@v0.12.2
4 verbose node symlink C:\Program Files\nodejs\\node.exe
5 silly cache add args [ 'angular#1.3', null ]
6 verbose cache add spec angular#1.3
7 silly cache add parsed spec { raw: 'angular#1.3',
7 silly cache add   scope: null,
7 silly cache add   name: null,
7 silly cache add   rawSpec: 'angular#1.3',
7 silly cache add   spec: 'c:\\projects\\simple-angular\\angular#1.3',
7 silly cache add   type: 'local' }
8 error addLocal Could not install c:\projects\simple-angular\angular#1.3
9 verbose stack Error: ENOENT, open 'c:\projects\simple-angular\angular#1.3'
9 verbose stack     at Error (native)
10 verbose cwd c:\projects\simple-angular
11 error Windows_NT 6.1.7601
12 error argv "C:\\Program Files\\nodejs\\\\node.exe" "C:\\Program Files\\nodejs\\node_modules\\npm\\bin\\npm-cli.js" "install" "angular#1.3" "--save"
13 error node v0.12.2
14 error npm  v2.7.4
15 error path c:\projects\simple-angular\angular#1.3
16 error code ENOENT
17 error errno -4058
18 error enoent ENOENT, open 'c:\projects\simple-angular\angular#1.3'
18 error enoent This is most likely not a problem with npm itself
18 error enoent and is related to npm not being able to find a file.
19 verbose exit [ -4058, true ]
